[7096][1620787263476][main][info]["Booting Postman 8.3.1, linux-5.11.14-arch1-1 on x64"]
[7096][1620787263478][main][info]["EventBus~initialize - Success"]
[7096][1620787263480][main][info]["Proxy configuration has not been setup"]
[7096][1620787263480][main][info]["CloudProxyManager~init - Success"]
[7096][1620787263485][main][info]["UpdateHandler~init - Success"]
[7096][1620787263637][main][info]["RuntimeIPCAgent~started: Success"]
[7096][1620787263640][main][info]["LeaderSelection: Initialized successfully"]
[7096][1620787263726][main][info]["LinuxAutoUpdater~Cleanup - Initial cleanup successful"]
[7096][1620787264615][main][info]["Bootstrap-models~bootstrap - Success"]
[7096][1620787264734][main][info]["window-manager~newSharedWindow: Shell loaded"]
[7096][1620787272443][main][info]["Main~AppEvents - Received booted event for process shared"]
[7096][1620787275231][main][info]["UpdateHandler~app-update-events - Received event",{"name":"checkForElectronVersionUpdated","namespace":"appUpdate"}]
[7096][1620787275255][main][info]["Main~AppEvents - Received booted event for process scratchpad"]
[7096][1620787292244][main][info]["Main~AppEvents - Received booted event for process shared"]
[7096][1620787295660][main][info]["UpdateHandler~app-update-events - Received event",{"name":"checkForElectronVersionUpdated","namespace":"appUpdate"}]
[7096][1620787295688][main][info]["Main~AppEvents - Received booted event for process scratchpad"]
[7096][1620787377863][main][info]["UpdateHandler~app-update-events - Received event",{"name":"checkForElectronVersionUpdated","namespace":"appUpdate"}]
[7096][1620787377878][main][info]["Main~AppEvents - Received booted event for process requester"]
[7096][1620789019794][main][info]["WindowManager~closeHandler - Closed Window (id: 6 )"]
[7096][1620789019817][main][info]["Quitting app"]
[9099][1620789546717][main][info]["Booting Postman 8.3.1, linux-5.11.14-arch1-1 on x64"]
[9099][1620789546719][main][info]["EventBus~initialize - Success"]
[9099][1620789546720][main][info]["Proxy configuration has not been setup"]
[9099][1620789546720][main][info]["CloudProxyManager~init - Success"]
[9099][1620789546725][main][info]["UpdateHandler~init - Success"]
[9099][1620789546877][main][info]["RuntimeIPCAgent~started: Success"]
[9099][1620789546879][main][info]["LeaderSelection: Initialized successfully"]
[9099][1620789546955][main][info]["LinuxAutoUpdater~Cleanup - Initial cleanup successful"]
[9099][1620789547161][main][info]["window-manager~newSharedWindow: Shell loaded"]
[9099][1620789547209][main][info]["Bootstrap-models~bootstrap - Success"]
[9099][1620789549536][main][info]["Main~AppEvents - Received booted event for process shared"]
[9099][1620789551646][main][info]["UpdateHandler~app-update-events - Received event",{"name":"checkForElectronVersionUpdated","namespace":"appUpdate"}]
[9099][1620789551669][main][info]["Main~AppEvents - Received booted event for process requester"]
[9099][1620791223470][main][info]["WindowManager~closeHandler - Closed Window (id: 3 )"]
[9099][1620791223490][main][info]["Quitting app"]
