[7096][1620787274624][scratchpad][info]["EventBus~initialize - Success"]
[7096][1620787274625][scratchpad][info]["Messaging~boot - Success"]
[7096][1620787274642][scratchpad][info]["bootCrashReporter~ Success"]
[7096][1620787274643][scratchpad][info]["Telemetry~boot - Success"]
[7096][1620787274644][scratchpad][info]["bootConfigurations~initialize - Success"]
[7096][1620787274645][scratchpad][info]["Settings~boot - Success"]
[7096][1620787275027][scratchpad][info]["bootstrapModels - Success"]
[7096][1620787275027][scratchpad][info]["WLModels~boot - Success"]
[7096][1620787275040][scratchpad][info]["Session~boot - Success"]
[7096][1620787275043][scratchpad][info]["IndependentServices~boot - Success"]
[7096][1620787275055][scratchpad][info]["AppModels~boot - Success"]
[7096][1620787275075][scratchpad][info]["Sync~boot - Success"]
[7096][1620787275087][scratchpad][info]["PostUpdateBackup~init: Success"]
[7096][1620787275088][scratchpad][info]["Shared~boot - Success"]
[7096][1620787275089][scratchpad][info]["DBWatcher~boot - Success"]
[7096][1620787275091][scratchpad][info]["ThemeManager~boot - Success"]
[7096][1620787275091][scratchpad][info]["WorkbenchService~boot - Success"]
[7096][1620787275091][scratchpad][info]["ContextBarRegistry~boot - Success"]
[7096][1620787275092][scratchpad][info]["Store~boot - Success"]
[7096][1620787275093][scratchpad][info]["Shortcuts~boot - Success"]
[7096][1620787275223][scratchpad][info]["NewConsole~boot - Success"]
[7096][1620787275228][scratchpad][info]["APIDevInterface~boot - Success"]
[7096][1620787275232][scratchpad][error]["Failed to detach IPC node",{"name":"TypeError","message":"Cannot read property 'dispose' of null","stack":"TypeError: Cannot read property 'dispose' of null\n    at ElectronTCPReader.detachProxyIpcNode (file:///opt/postman/app/resources/app/js/requester.js:25358:25)\n    at ElectronTCPReader.attachProxyIpcNode (file:///opt/postman/app/resources/app/js/requester.js:25322:10)\n    at new ElectronTCPReader (file:///opt/postman/app/resources/app/js/requester.js:25299:12)\n    at file:///opt/postman/app/resources/app/js/requester.js:24086:18\n    at file:///opt/postman/app/resources/app/js/vendor-shared.js:17915:9\n    at file:///opt/postman/app/resources/app/js/vendor-shared.js:19134:16\n    at replenish (file:///opt/postman/app/resources/app/js/vendor-shared.js:19103:25)\n    at iterateeCallback (file:///opt/postman/app/resources/app/js/vendor-shared.js:19092:17)\n    at file:///opt/postman/app/resources/app/js/vendor-shared.js:19844:16\n    at file:///opt/postman/app/resources/app/js/vendor-shared.js:17912:13\n    at sentryWrapped (file:///opt/postman/app/resources/app/js/vendor-shared.js:917299:27)"}]
[7096][1620787275239][scratchpad][info]["Attempting to create IPCNode to proxy_node_process"]
[7096][1620787275246][scratchpad][info]["Requester~boot - Success"]
[7096][1620787275247][scratchpad][info]["SharedRuntimeListeners~boot - Success"]
[7096][1620787275249][scratchpad][info]["booted - scratchpad"]
[7096][1620787275324][scratchpad][info]["NavigationService ~ [BROWSER] Transitioning io the initial route with the URL:","home"]
[7096][1620787275349][scratchpad][info]["CloudProxyHandler: Proxy configuration has not been setup"]
[7096][1620787275349][scratchpad][error]["IPCNode~createClient~something wrong connecting to the IPC server",{"errno":"ENOENT","code":"ENOENT","syscall":"connect","address":"/home/itami/.config/Postman/proxy_node_process_prod.sock","name":"Error","message":"connect ENOENT /home/itami/.config/Postman/proxy_node_process_prod.sock","stack":"Error: connect ENOENT /home/itami/.config/Postman/proxy_node_process_prod.sock\n    at PipeConnectWrap.afterConnect [as oncomplete] (net.js:1134:16)"}]
[7096][1620787275444][scratchpad][error]["WorkspaceSessionController~getActiveSession: WorkspaceSession not found in db"]
[7096][1620787275445][scratchpad][error]["ActiveWorkspaceSessionStore: Initial Hydration Failed once"]
[7096][1620787275475][scratchpad][error]["WorkspaceSessionController~getActiveSession: WorkspaceSession not found in db"]
[7096][1620787275476][scratchpad][error]["ActiveWorkspaceSessionStore: Initial Hydration Failed twice",{"name":"Error","message":"WorkspaceSessionController~getActiveSession: WorkspaceSession not found in db","stack":"Error: WorkspaceSessionController~getActiveSession: WorkspaceSession not found in db\n    at file:///opt/postman/app/resources/app/js/vendor-shared.js:200857:35"}]
[7096][1620787275754][scratchpad][info]["SessionValidation - Registering listener"]
[7096][1620787275764][scratchpad][info]["UI pulled the session locked information on init"]
[7096][1620787294329][scratchpad][info]["EventBus~initialize - Success"]
[7096][1620787294330][scratchpad][info]["Messaging~boot - Success"]
[7096][1620787294348][scratchpad][info]["bootCrashReporter~ Success"]
[7096][1620787294349][scratchpad][info]["Telemetry~boot - Success"]
[7096][1620787294350][scratchpad][info]["bootConfigurations~initialize - Success"]
[7096][1620787294353][scratchpad][info]["Settings~boot - Success"]
[7096][1620787295207][scratchpad][info]["bootstrapModels - Success"]
[7096][1620787295208][scratchpad][info]["WLModels~boot - Success"]
[7096][1620787295223][scratchpad][info]["Session~boot - Success"]
[7096][1620787295226][scratchpad][info]["IndependentServices~boot - Success"]
[7096][1620787295240][scratchpad][info]["AppModels~boot - Success"]
[7096][1620787295259][scratchpad][info]["Sync~boot - Success"]
[7096][1620787295270][scratchpad][info]["PostUpdateBackup~init: Success"]
[7096][1620787295271][scratchpad][info]["Shared~boot - Success"]
[7096][1620787295272][scratchpad][info]["DBWatcher~boot - Success"]
[7096][1620787295274][scratchpad][info]["ThemeManager~boot - Success"]
[7096][1620787295274][scratchpad][info]["WorkbenchService~boot - Success"]
[7096][1620787295274][scratchpad][info]["ContextBarRegistry~boot - Success"]
[7096][1620787295275][scratchpad][info]["Store~boot - Success"]
[7096][1620787295276][scratchpad][info]["Shortcuts~boot - Success"]
[7096][1620787295650][scratchpad][info]["NewConsole~boot - Success"]
[7096][1620787295656][scratchpad][info]["APIDevInterface~boot - Success"]
[7096][1620787295662][scratchpad][error]["Failed to detach IPC node",{"name":"TypeError","message":"Cannot read property 'dispose' of null","stack":"TypeError: Cannot read property 'dispose' of null\n    at ElectronTCPReader.detachProxyIpcNode (file:///opt/postman/app/resources/app/js/requester.js:25358:25)\n    at ElectronTCPReader.attachProxyIpcNode (file:///opt/postman/app/resources/app/js/requester.js:25322:10)\n    at new ElectronTCPReader (file:///opt/postman/app/resources/app/js/requester.js:25299:12)\n    at file:///opt/postman/app/resources/app/js/requester.js:24086:18\n    at file:///opt/postman/app/resources/app/js/vendor-shared.js:17915:9\n    at file:///opt/postman/app/resources/app/js/vendor-shared.js:19134:16\n    at replenish (file:///opt/postman/app/resources/app/js/vendor-shared.js:19103:25)\n    at iterateeCallback (file:///opt/postman/app/resources/app/js/vendor-shared.js:19092:17)\n    at file:///opt/postman/app/resources/app/js/vendor-shared.js:19844:16\n    at file:///opt/postman/app/resources/app/js/vendor-shared.js:17912:13\n    at sentryWrapped (file:///opt/postman/app/resources/app/js/vendor-shared.js:917299:27)"}]
[7096][1620787295673][scratchpad][info]["Attempting to create IPCNode to proxy_node_process"]
[7096][1620787295685][scratchpad][info]["Requester~boot - Success"]
[7096][1620787295686][scratchpad][info]["SharedRuntimeListeners~boot - Success"]
[7096][1620787295687][scratchpad][info]["booted - scratchpad"]
[7096][1620787295777][scratchpad][info]["NavigationService ~ [BROWSER] Transitioning io the initial route with the URL:","home"]
[7096][1620787295870][scratchpad][info]["CloudProxyHandler: Proxy configuration has not been setup"]
[7096][1620787295870][scratchpad][error]["IPCNode~createClient~something wrong connecting to the IPC server",{"errno":"ENOENT","code":"ENOENT","syscall":"connect","address":"/home/itami/.config/Postman/proxy_node_process_prod.sock","name":"Error","message":"connect ENOENT /home/itami/.config/Postman/proxy_node_process_prod.sock","stack":"Error: connect ENOENT /home/itami/.config/Postman/proxy_node_process_prod.sock\n    at PipeConnectWrap.afterConnect [as oncomplete] (net.js:1134:16)"}]
[7096][1620787295905][scratchpad][error]["WorkspaceSessionController~getActiveSession: WorkspaceSession not found in db"]
[7096][1620787295906][scratchpad][error]["ActiveWorkspaceSessionStore: Initial Hydration Failed once"]
[7096][1620787295932][scratchpad][error]["WorkspaceSessionController~getActiveSession: WorkspaceSession not found in db"]
[7096][1620787295933][scratchpad][error]["ActiveWorkspaceSessionStore: Initial Hydration Failed twice",{"name":"Error","message":"WorkspaceSessionController~getActiveSession: WorkspaceSession not found in db","stack":"Error: WorkspaceSessionController~getActiveSession: WorkspaceSession not found in db\n    at file:///opt/postman/app/resources/app/js/vendor-shared.js:200857:35"}]
[7096][1620787296305][scratchpad][info]["SessionValidation - Registering listener"]
[7096][1620787296318][scratchpad][info]["UI pulled the session locked information on init"]
