[7096][1620787264723][shell][info]["EventBus~initialize - Success"]
[7096][1620787264728][shell][info]["bootShellCrashReporter~ Success"]
[7096][1620787264742][shell][info]["shellController~init: Success"]
[7096][1620787264742][shell][info]["shellMeta~init: Success"]
[7096][1620787264742][shell][info]["partitionMigrationService: State of V7 partition:"]
[7096][1620787264742][shell][info]["partitionMigrationService: V7 partitions",[]]
[7096][1620787264743][shell][info]["partitionMigrationService: V7 lastActiveUser",null]
[7096][1620787264743][shell][info]["partitionMigrationService: V7 activePartition",null]
[7096][1620787264743][shell][info]["partitionMigrationService: V7 isPartitionDirty",null]
[7096][1620787264743][shell][info]["partitionMigrationService~rectifyNamespaceOfScratchPadPartition: There is no partition with scratchpad namespace"]
[7096][1620787264743][shell][info]["partitionMigrationService~rectifyNamespaceOfScratchPadPartition: There is no transit partition which could have been used for scratchpad"]
[7096][1620787264743][shell][info]["partitionMigrationService~init: Success"]
[7096][1620787264744][shell][info]["partitionMigrationService~runV8PartitionsIntegrity: Two way migration~ removing the following partitions from v8",[]]
[7096][1620787264744][shell][info]["userPartitionService~_rectifyTheActivePartitionOfApplication: Setting the active partition to ",null]
[7096][1620787264744][shell][info]["userPartitionService~init: Success"]
[7096][1620787264746][shell][info]["userPartitionService: State of v8 partition system:"]
[7096][1620787264746][shell][info]["userPartitionService: List of partitions:",[]]
[7096][1620787264746][shell][info]["userPartitionService: users global meta:",{"activePartition":null}]
[7096][1620787264746][shell][info]["shell~init~loadView: loading scratchpad partition"]
[7096][1620787264748][shell][info]["shell~init~loadView: loading active partition","67795665-640b-45d2-a376-0473a404604c"]
[7096][1620787264750][shell][info]["init~setViewAttributes - Initializing view with opts:",{"id":2,"type":"shared","startTime":1620787263672,"devtools":false,"partitionId":"67795665-640b-45d2-a376-0473a404604c"}]
[7096][1620787264751][shell][info]["Shell~init~setViewAttributes: passing scratchpad partition id as ","67795665-640b-45d2-a376-0473a404604c"]
[7096][1620787264751][shell][info]["Shell~init~setViewAttributes: do we have any logged in users? ",false]
[7096][1620787264753][shell][info]["init~setViewAttributes - Success"]
[7096][1620787272443][shell][info]["Shell~init~sendUsersDataToRenderer",[]]
[7096][1620787272444][shell][info]["Shell~init~requestTeamIdIfV7Partition: requesting user context from requester web view"]
[7096][1620787272475][shell][info]["Shell~init~attachShellIPCListeners: Received user context from requester web view",{"userId":"0","teamId":"0"}]
[7096][1620787272683][shell][info]["EventBus~initialize - Success"]
[7096][1620787272688][shell][info]["bootShellCrashReporter~ Success"]
[7096][1620787272704][shell][info]["userPartitionService: State of v8 partition system:"]
[7096][1620787272705][shell][info]["userPartitionService: List of partitions:",[{"partitionId":"67795665-640b-45d2-a376-0473a404604c","namespace":"scratchPad","userId":0,"teamId":0,"isDirty":false}]]
[7096][1620787272705][shell][info]["userPartitionService: users global meta:",{"activePartition":"67795665-640b-45d2-a376-0473a404604c"}]
[7096][1620787272705][shell][info]["shell~init~loadView: loading active partition"]
[7096][1620787272705][shell][info]["shell~init~loadView: loading active partition","67795665-640b-45d2-a376-0473a404604c"]
[7096][1620787272706][shell][info]["init~setViewAttributes - Initializing view with opts:",{"id":3,"type":"requester","startTime":1620787272461,"devtools":false,"primaryId":3,"allIds":[3],"partitionId":"67795665-640b-45d2-a376-0473a404604c"}]
[7096][1620787272707][shell][info]["Shell~init~setViewAttributes: passing scratchpad partition id as ","67795665-640b-45d2-a376-0473a404604c"]
[7096][1620787272707][shell][info]["Shell~init~setViewAttributes: do we have any logged in users? ",false]
[7096][1620787272707][shell][info]["init~setViewAttributes - Success"]
[7096][1620787275253][shell][info]["Shell~init~sendUsersDataToRenderer",[]]
[7096][1620787275279][shell][info]["Shell~init~sendUsersDataToRenderer",[]]
[7096][1620787279907][shell][info]["Shell~init~addNewUser: using transit partition","16ea8fd3-b3cb-4a43-9d1a-eaa3989933f7"]
[7096][1620787279907][shell][info]["shell~init~loadView: loading active partition","16ea8fd3-b3cb-4a43-9d1a-eaa3989933f7"]
[7096][1620787279909][shell][info]["init~setViewAttributes - Initializing view with opts:",{"id":2,"partitionId":"16ea8fd3-b3cb-4a43-9d1a-eaa3989933f7","newUser":true,"type":"shared"}]
[7096][1620787279909][shell][info]["Shell~init~setViewAttributes: passing scratchpad partition id as ","67795665-640b-45d2-a376-0473a404604c"]
[7096][1620787279910][shell][info]["Shell~init~setViewAttributes: do we have any logged in users? ",false]
[7096][1620787279911][shell][info]["init~setViewAttributes - Success"]
[7096][1620787292243][shell][info]["Shell~init~sendUsersDataToRenderer",[]]
[7096][1620787292459][shell][info]["EventBus~initialize - Success"]
[7096][1620787292466][shell][info]["bootShellCrashReporter~ Success"]
[7096][1620787292481][shell][info]["userPartitionService: State of v8 partition system:"]
[7096][1620787292481][shell][info]["userPartitionService: List of partitions:",[{"partitionId":"16ea8fd3-b3cb-4a43-9d1a-eaa3989933f7","namespace":"users","userId":0,"teamId":0,"lastUpdated":"2021-05-12T02:41:19.906Z"},{"partitionId":"67795665-640b-45d2-a376-0473a404604c","namespace":"scratchPad","userId":0,"teamId":0,"isDirty":false}]]
[7096][1620787292482][shell][info]["userPartitionService: users global meta:",{"activePartition":"16ea8fd3-b3cb-4a43-9d1a-eaa3989933f7"}]
[7096][1620787292482][shell][info]["shell~init~loadView: loading active partition"]
[7096][1620787292482][shell][info]["shell~init~loadView: loading active partition","16ea8fd3-b3cb-4a43-9d1a-eaa3989933f7"]
[7096][1620787292483][shell][info]["init~setViewAttributes - Initializing view with opts:",{"id":6,"type":"requester","startTime":1620787292253,"devtools":false,"primaryId":6,"allIds":[6],"partitionId":"16ea8fd3-b3cb-4a43-9d1a-eaa3989933f7"}]
[7096][1620787292483][shell][info]["Shell~init~setViewAttributes: passing scratchpad partition id as ","67795665-640b-45d2-a376-0473a404604c"]
[7096][1620787292484][shell][info]["Shell~init~setViewAttributes: do we have any logged in users? ",false]
[7096][1620787292484][shell][info]["init~setViewAttributes - Success"]
[7096][1620787295689][shell][info]["Shell~init~sendUsersDataToRenderer",[]]
[7096][1620787295721][shell][info]["Shell~init~sendUsersDataToRenderer",[]]
[7096][1620787372908][shell][info]["Shell~init~loginUser"]
[7096][1620787372909][shell][info]["Shell~init~loginUser: associating the user ","15139008"," with current partition ","16ea8fd3-b3cb-4a43-9d1a-eaa3989933f7"]
[7096][1620787372909][shell][info]["userPartitionService~associateTransitPartition: ",{"partitionId":"16ea8fd3-b3cb-4a43-9d1a-eaa3989933f7","context":{"namespace":"users","userId":"15139008","teamId":"1697468"}}]
[7096][1620787372910][shell][info]["userPartitionService: State of v8 partition system:"]
[7096][1620787372910][shell][info]["userPartitionService: List of partitions:",[{"partitionId":"16ea8fd3-b3cb-4a43-9d1a-eaa3989933f7","namespace":"users","userId":"15139008","teamId":"1697468","lastUpdated":"2021-05-12T02:42:52.909Z"},{"partitionId":"67795665-640b-45d2-a376-0473a404604c","namespace":"scratchPad","userId":0,"teamId":0,"isDirty":false}]]
[7096][1620787372910][shell][info]["userPartitionService: users global meta:",{"activePartition":"16ea8fd3-b3cb-4a43-9d1a-eaa3989933f7"}]
[7096][1620787372911][shell][info]["Shell~init~sendUsersDataToRenderer",["15139008"]]
[7096][1620787375625][shell][info]["EventBus~initialize - Success"]
[7096][1620787375626][shell][info]["bootShellCrashReporter~ Success"]
[7096][1620787375635][shell][info]["userPartitionService: State of v8 partition system:"]
[7096][1620787375636][shell][info]["userPartitionService: List of partitions:",[{"partitionId":"16ea8fd3-b3cb-4a43-9d1a-eaa3989933f7","namespace":"users","userId":"15139008","teamId":"1697468","lastUpdated":"2021-05-12T02:42:52.909Z"},{"partitionId":"67795665-640b-45d2-a376-0473a404604c","namespace":"scratchPad","userId":0,"teamId":0,"isDirty":false}]]
[7096][1620787375636][shell][info]["userPartitionService: users global meta:",{"activePartition":"16ea8fd3-b3cb-4a43-9d1a-eaa3989933f7"}]
[7096][1620787375636][shell][info]["shell~init~loadView: loading active partition"]
[7096][1620787375636][shell][info]["shell~init~loadView: loading active partition","16ea8fd3-b3cb-4a43-9d1a-eaa3989933f7"]
[7096][1620787375637][shell][info]["init~setViewAttributes - Initializing view with opts:",{"id":6,"type":"requester","startTime":1620787292253,"devtools":false,"primaryId":6,"allIds":[6],"partitionId":"16ea8fd3-b3cb-4a43-9d1a-eaa3989933f7"}]
[7096][1620787375637][shell][info]["Shell~init~setViewAttributes: passing scratchpad partition id as ","67795665-640b-45d2-a376-0473a404604c"]
[7096][1620787375637][shell][info]["Shell~init~setViewAttributes: do we have any logged in users? ",true]
[7096][1620787375638][shell][info]["init~setViewAttributes - Success"]
[7096][1620787377879][shell][info]["Shell~init~sendUsersDataToRenderer",["15139008"]]
[7096][1620787377909][shell][info]["Shell~init~sendUsersDataToRenderer",["15139008"]]
[7096][1620787380445][shell][info]["model-events~user - bootstrapUser received"]
[9099][1620789547145][shell][info]["EventBus~initialize - Success"]
[9099][1620789547151][shell][info]["bootShellCrashReporter~ Success"]
[9099][1620789547171][shell][info]["shellController~init: Success"]
[9099][1620789547172][shell][info]["shellMeta~init: Success"]
[9099][1620789547172][shell][info]["partitionMigrationService: State of V7 partition:"]
[9099][1620789547173][shell][info]["partitionMigrationService: V7 partitions",[]]
[9099][1620789547173][shell][info]["partitionMigrationService: V7 lastActiveUser",null]
[9099][1620789547173][shell][info]["partitionMigrationService: V7 activePartition",null]
[9099][1620789547173][shell][info]["partitionMigrationService: V7 isPartitionDirty",null]
[9099][1620789547174][shell][info]["partitionMigrationService~init: Success"]
[9099][1620789547174][shell][info]["partitionMigrationService~runV8PartitionsIntegrity: Two way migration~ removing the following partitions from v8",[]]
[9099][1620789547175][shell][info]["userPartitionService~getRecentV8UserPartition: recent v8 user context partition ","16ea8fd3-b3cb-4a43-9d1a-eaa3989933f7"]
[9099][1620789547175][shell][info]["userPartitionService~_rectifyTheActivePartitionOfApplication: Setting the active partition to ","16ea8fd3-b3cb-4a43-9d1a-eaa3989933f7"]
[9099][1620789547176][shell][info]["userPartitionService~init: Success"]
[9099][1620789547176][shell][info]["userPartitionService: State of v8 partition system:"]
[9099][1620789547177][shell][info]["userPartitionService: List of partitions:",[{"partitionId":"16ea8fd3-b3cb-4a43-9d1a-eaa3989933f7","namespace":"users","userId":"15139008","teamId":"1697468","lastUpdated":"2021-05-12T02:42:52.909Z"},{"partitionId":"67795665-640b-45d2-a376-0473a404604c","namespace":"scratchPad","userId":0,"teamId":0,"isDirty":false}]]
[9099][1620789547177][shell][info]["userPartitionService: users global meta:",{"activePartition":"16ea8fd3-b3cb-4a43-9d1a-eaa3989933f7"}]
[9099][1620789547177][shell][info]["shell~init~loadView: loading active partition"]
[9099][1620789547177][shell][info]["shell~init~loadView: loading active partition","16ea8fd3-b3cb-4a43-9d1a-eaa3989933f7"]
[9099][1620789547178][shell][info]["init~setViewAttributes - Initializing view with opts:",{"id":2,"type":"shared","startTime":1620789546912,"devtools":false,"partitionId":"16ea8fd3-b3cb-4a43-9d1a-eaa3989933f7"}]
[9099][1620789547179][shell][info]["Shell~init~setViewAttributes: passing scratchpad partition id as ","67795665-640b-45d2-a376-0473a404604c"]
[9099][1620789547179][shell][info]["Shell~init~setViewAttributes: do we have any logged in users? ",true]
[9099][1620789547179][shell][info]["init~setViewAttributes - Success"]
[9099][1620789549538][shell][info]["Shell~init~sendUsersDataToRenderer",["15139008"]]
[9099][1620789549784][shell][info]["EventBus~initialize - Success"]
[9099][1620789549790][shell][info]["bootShellCrashReporter~ Success"]
[9099][1620789549805][shell][info]["userPartitionService: State of v8 partition system:"]
[9099][1620789549806][shell][info]["userPartitionService: List of partitions:",[{"partitionId":"16ea8fd3-b3cb-4a43-9d1a-eaa3989933f7","namespace":"users","userId":"15139008","teamId":"1697468","lastUpdated":"2021-05-12T02:42:52.909Z"},{"partitionId":"67795665-640b-45d2-a376-0473a404604c","namespace":"scratchPad","userId":0,"teamId":0,"isDirty":false}]]
[9099][1620789549806][shell][info]["userPartitionService: users global meta:",{"activePartition":"16ea8fd3-b3cb-4a43-9d1a-eaa3989933f7"}]
[9099][1620789549807][shell][info]["shell~init~loadView: loading active partition"]
[9099][1620789549807][shell][info]["shell~init~loadView: loading active partition","16ea8fd3-b3cb-4a43-9d1a-eaa3989933f7"]
[9099][1620789549808][shell][info]["init~setViewAttributes - Initializing view with opts:",{"id":3,"type":"requester","startTime":1620789549572,"devtools":false,"primaryId":3,"allIds":[3],"partitionId":"16ea8fd3-b3cb-4a43-9d1a-eaa3989933f7"}]
[9099][1620789549808][shell][info]["Shell~init~setViewAttributes: passing scratchpad partition id as ","67795665-640b-45d2-a376-0473a404604c"]
[9099][1620789549808][shell][info]["Shell~init~setViewAttributes: do we have any logged in users? ",true]
[9099][1620789549809][shell][info]["init~setViewAttributes - Success"]
[9099][1620789551667][shell][info]["Shell~init~sendUsersDataToRenderer",["15139008"]]
[9099][1620789551693][shell][info]["Shell~init~sendUsersDataToRenderer",["15139008"]]
[9099][1620789553835][shell][info]["model-events~user - bootstrapUser received"]
[9099][1620789553837][shell][info]["userPartitionService~associateTransitPartition: ",{"partitionId":"16ea8fd3-b3cb-4a43-9d1a-eaa3989933f7","context":{"namespace":"users","userId":"15139008","teamId":"1697468"}}]
[9099][1620789553837][shell][info]["userPartitionService: State of v8 partition system:"]
[9099][1620789553838][shell][info]["userPartitionService: List of partitions:",[{"partitionId":"16ea8fd3-b3cb-4a43-9d1a-eaa3989933f7","namespace":"users","userId":"15139008","teamId":"1697468","lastUpdated":"2021-05-12T03:19:13.837Z"},{"partitionId":"67795665-640b-45d2-a376-0473a404604c","namespace":"scratchPad","userId":0,"teamId":0,"isDirty":false}]]
[9099][1620789553838][shell][info]["userPartitionService: users global meta:",{"activePartition":"16ea8fd3-b3cb-4a43-9d1a-eaa3989933f7"}]
