[7096][1620787377641][requester][info]["EventBus~initialize - Success"]
[7096][1620787377643][requester][info]["Messaging~boot - Success"]
[7096][1620787377659][requester][info]["bootCrashReporter~ Success"]
[7096][1620787377660][requester][info]["Telemetry~boot - Success"]
[7096][1620787377661][requester][info]["bootConfigurations~initialize - Success"]
[7096][1620787377662][requester][info]["Settings~boot - Success"]
[7096][1620787377742][requester][info]["bootstrapModels - Success"]
[7096][1620787377742][requester][info]["WLModels~boot - Success"]
[7096][1620787377748][requester][info]["Session~boot - Success"]
[7096][1620787377750][requester][info]["IndependentServices~boot - Success"]
[7096][1620787377757][requester][info]["AppModels~boot - Success"]
[7096][1620787377766][requester][info]["Sync~boot - Success"]
[7096][1620787377791][requester][info]["PostUpdateBackup~init: Success"]
[7096][1620787377792][requester][info]["Shared~boot - Success"]
[7096][1620787377793][requester][info]["DBWatcher~boot - Success"]
[7096][1620787377795][requester][info]["ThemeManager~boot - Success"]
[7096][1620787377795][requester][info]["WorkbenchService~boot - Success"]
[7096][1620787377795][requester][info]["ContextBarRegistry~boot - Success"]
[7096][1620787377795][requester][info]["Store~boot - Success"]
[7096][1620787377797][requester][info]["Shortcuts~boot - Success"]
[7096][1620787377857][requester][info]["NewConsole~boot - Success"]
[7096][1620787377861][requester][info]["APIDevInterface~boot - Success"]
[7096][1620787377862][requester][info]["initializePostV8UpdateCheck: Success"]
[7096][1620787377864][requester][error]["Failed to detach IPC node",{"name":"TypeError","message":"Cannot read property 'dispose' of null","stack":"TypeError: Cannot read property 'dispose' of null\n    at ElectronTCPReader.detachProxyIpcNode (file:///opt/postman/app/resources/app/js/requester.js:25358:25)\n    at ElectronTCPReader.attachProxyIpcNode (file:///opt/postman/app/resources/app/js/requester.js:25322:10)\n    at new ElectronTCPReader (file:///opt/postman/app/resources/app/js/requester.js:25299:12)\n    at file:///opt/postman/app/resources/app/js/requester.js:24086:18\n    at file:///opt/postman/app/resources/app/js/vendor-shared.js:17915:9\n    at file:///opt/postman/app/resources/app/js/vendor-shared.js:19134:16\n    at replenish (file:///opt/postman/app/resources/app/js/vendor-shared.js:19103:25)\n    at iterateeCallback (file:///opt/postman/app/resources/app/js/vendor-shared.js:19092:17)\n    at file:///opt/postman/app/resources/app/js/vendor-shared.js:19844:16\n    at file:///opt/postman/app/resources/app/js/vendor-shared.js:17912:13\n    at sentryWrapped (file:///opt/postman/app/resources/app/js/vendor-shared.js:917299:27)"}]
[7096][1620787377869][requester][info]["Attempting to create IPCNode to proxy_node_process"]
[7096][1620787377876][requester][info]["Requester~boot - Success"]
[7096][1620787377877][requester][info]["SharedRuntimeListeners~boot - Success"]
[7096][1620787377878][requester][info]["booted - requester"]
[7096][1620787377964][requester][info]["CloudProxyHandler: Proxy configuration has not been setup"]
[7096][1620787377964][requester][error]["IPCNode~createClient~something wrong connecting to the IPC server",{"errno":"ENOENT","code":"ENOENT","syscall":"connect","address":"/home/itami/.config/Postman/proxy_node_process_prod.sock","name":"Error","message":"connect ENOENT /home/itami/.config/Postman/proxy_node_process_prod.sock","stack":"Error: connect ENOENT /home/itami/.config/Postman/proxy_node_process_prod.sock\n    at PipeConnectWrap.afterConnect [as oncomplete] (net.js:1134:16)"}]
[7096][1620787378127][requester][error]["WorkspaceSessionController~getActiveSession: WorkspaceSession not found in db"]
[7096][1620787378128][requester][error]["ActiveWorkspaceSessionStore: Initial Hydration Failed once"]
[7096][1620787378136][requester][error]["WorkspaceSessionController~getActiveSession: WorkspaceSession not found in db"]
[7096][1620787378137][requester][info]["NavigationService~_getInitialWorkspace No active session found error",{"name":"Error","message":"WorkspaceSessionController~getActiveSession: WorkspaceSession not found in db","stack":"Error: WorkspaceSessionController~getActiveSession: WorkspaceSession not found in db\n    at file:///opt/postman/app/resources/app/js/vendor-shared.js:200874:33\n    at async Object.transitionToInitialURL (file:///opt/postman/app/resources/app/js/vendor-shared.js:21099:19)"}]
[7096][1620787378138][requester][info]["NavigationService ~ [BROWSER] Transitioning io the initial route with the URL:","home"]
[7096][1620787378261][requester][error]["WorkspaceSessionController~getActiveSession: WorkspaceSession not found in db"]
[7096][1620787378262][requester][error]["ActiveWorkspaceSessionStore: Initial Hydration Failed twice",{"name":"Error","message":"WorkspaceSessionController~getActiveSession: WorkspaceSession not found in db","stack":"Error: WorkspaceSessionController~getActiveSession: WorkspaceSession not found in db\n    at file:///opt/postman/app/resources/app/js/vendor-shared.js:200874:33"}]
[7096][1620787378605][requester][info]["SessionValidation - Registering listener"]
[7096][1620787378614][requester][info]["UI pulled the session locked information on init"]
[7096][1620787380485][requester][warn]["FeatureFlagsStore~updateFlags: Could not find feature flags",{"error":{"message":"SyncRequestService\\x7erequestListener: Could not fetch from sync. Socket not connected."}}]
[7096][1620787380496][requester][warn]["FeatureFlagsStore~updateFlags: Could not find feature flags",{"error":{"message":"SyncRequestService\\x7erequestListener: Could not fetch from sync. Socket not connected."}}]
[7096][1620787381739][requester][warn]["GateKeeperService~_handleKeyUpdate: Invalid key type provided",{"type":"flags","value":false}]
[7096][1620787381740][requester][info]["GateKeeperService~onNotificationToggle Key value toggled for Notification to true"]
[7096][1620787381740][requester][info]["GateKeeperService~onSyncToggle Key value toggled for Sync to true"]
[7096][1620787381740][requester][info]["GateKeeperService~onWebsocketToggle Key value toggled for Websocket to true"]
[7096][1620787381742][requester][warn]["SyncManagerNew~attachGateKeeperHandlers: listening to notification event",{"name":"notification","namespace":"gatekeeper","data":{"isEnabled":true}}]
[7096][1620787381742][requester][warn]["SyncManagerNew~attachGateKeeperHandlers: listening to sync event",{"name":"sync","namespace":"gatekeeper","data":{"isEnabled":true}}]
[7096][1620787381743][requester][info]["SyncManagerNew~setSync",true]
[7096][1620787381743][requester][info]["SyncManagerNew~signIn",{"forceConnect":true}]
[7096][1620787381744][requester][warn]["SyncManagerNew~attachGateKeeperHandlers: listening to websocket event",{"name":"websocket","namespace":"gatekeeper","data":{"isEnabled":true}}]
[7096][1620787381744][requester][info]["SyncManagerNew~setSync",true]
[7096][1620787381745][requester][info]["SyncManagerNew~signIn",{"forceConnect":true}]
[7096][1620787381751][requester][info]["SyncManagerNew~createSocket",{"forceConnect":true}]
[7096][1620787381753][requester][info]["SyncManagerNew~createSocket",{"forceConnect":true}]
[7096][1620787381760][requester][info]["SyncManagerNew~createSocket","sailsIO.connect",{"url":"https://bifrost-v4.getpostman.com","opts":{"reconnectionDelay":10000,"reconnectionDelayMax":60000,"reconnectionAttempts":8,"randomizationFactor":0.3}}]
[7096][1620787383103][requester][info]["SyncManagerNew~_onConnect"]
[7096][1620787383110][requester][info]["SyncManagerNew~signIn",{}]
[7096][1620787383133][requester][info]["SyncTimelineHelper: Force stopping all timelines"]
[7096][1620787383133][requester][info]["BaseSyncTimeline~forceStop: Force stop user:15139008"]
[7096][1620787383146][requester][info]["BaseSyncTimeline~subscribe: Subscribing to real time changes for user:15139008"]
[7096][1620787383147][requester][info]["BaseSyncTimeline~_sync: Starting sync for user:15139008"]
[7096][1620787383148][requester][info]["BaseSyncTimeline~getPendingClientChanges: Starting to get pending changes for user:15139008"]
[7096][1620787383148][requester][info]["BaseSyncTimeline~getPendingClientChanges: Finished to get pending changes for user:15139008"]
[7096][1620787383149][requester][info]["BaseSyncTimeline~getPendingServerChanges: Starting /sync call for user:15139008"]
[7096][1620787383665][requester][info]["BaseSyncTimeline~SyncFinishedObservable: Successful sync proceeding with integrity check and force sync for user:15139008"]
[7096][1620787383665][requester][info]["BaseSyncTimeline~_handleForceSync: Bailing out of force sync for user:15139008"]
[7096][1620787412033][requester][info]["BaseSyncTimeline~subscribe: Subscribing to real time changes for workspace:802728d0-e52d-4a27-8776-810fac72995f"]
[7096][1620787412035][requester][info]["BaseSyncTimeline~_sync: Starting sync for workspace:802728d0-e52d-4a27-8776-810fac72995f"]
[7096][1620787412040][requester][info]["BaseSyncTimeline~getPendingClientChanges: Starting to get pending changes for workspace:802728d0-e52d-4a27-8776-810fac72995f"]
[7096][1620787412041][requester][info]["BaseSyncTimeline~getPendingClientChanges: Finished to get pending changes for workspace:802728d0-e52d-4a27-8776-810fac72995f"]
[7096][1620787412042][requester][info]["BaseSyncTimeline~getPendingServerChanges: Starting /sync call for workspace:802728d0-e52d-4a27-8776-810fac72995f"]
[7096][1620787412297][requester][info]["BaseSyncTimeline~getPendingServerChanges: Finished /sync call for workspace:802728d0-e52d-4a27-8776-810fac72995f"]
[7096][1620787412300][requester][info]["BaseSyncTimeline~processServerChange: Started processing changeset for workspace:create:802728d0-e52d-4a27-8776-810fac72995f Timeline:workspace:802728d0-e52d-4a27-8776-810fac72995f"]
[7096][1620787412307][requester][info]["BaseSyncTimeline~processServerChange: Finished processing changeset for workspace:create:802728d0-e52d-4a27-8776-810fac72995f Timeline:workspace:802728d0-e52d-4a27-8776-810fac72995f"]
[7096][1620787412307][requester][info]["BaseSyncTimeline~processServerChange: Started processing changeset for globals:create:7ac1c6e2-5af5-4e2e-8713-321f6970dd7d Timeline:workspace:802728d0-e52d-4a27-8776-810fac72995f"]
[7096][1620787412345][requester][info]["BaseSyncTimeline~processServerChange: Finished processing changeset for globals:create:7ac1c6e2-5af5-4e2e-8713-321f6970dd7d Timeline:workspace:802728d0-e52d-4a27-8776-810fac72995f"]
[7096][1620787412394][requester][info]["BaseSyncTimeline~SyncFinishedObservable: Successful sync proceeding with integrity check and force sync for workspace:802728d0-e52d-4a27-8776-810fac72995f"]
[7096][1620787412394][requester][info]["BaseSyncTimeline~_handleForceSync: Bailing out of force sync for workspace:802728d0-e52d-4a27-8776-810fac72995f"]
[7096][1620787417657][requester][error]["CommentsContributor~fetchRequestCommentsCount: Failed to fetch comments count"]
[7096][1620787766333][requester][info]["RealtimeSyncMessageService~publishRealtimeOutgoingMessage: Message received history:import:83d49211-bf88-433e-9758-ff68c191803a Timeline in message: workspace:802728d0-e52d-4a27-8776-810fac72995f"]
[7096][1620787766335][requester][info]["BaseSyncTimeline~getPendingClientChanges: Starting to get pending changes for workspace:802728d0-e52d-4a27-8776-810fac72995f"]
[7096][1620787766348][requester][info]["BaseSyncTimeline~getPendingClientChanges: Finished to get pending changes for workspace:802728d0-e52d-4a27-8776-810fac72995f"]
[7096][1620787766349][requester][info]["BaseSyncTimeline~processClientChangesObservable: Started sending changeset for history:import:83d49211-bf88-433e-9758-ff68c191803a Timeline:workspace:802728d0-e52d-4a27-8776-810fac72995f"]
[7096][1620787766637][requester][info]["BaseSyncTimeline~processClientChangesObservable: Success for sending changeset for history:import:83d49211-bf88-433e-9758-ff68c191803a Timeline:workspace:802728d0-e52d-4a27-8776-810fac72995f"]
[7096][1620787767756][requester][info]["RealtimeSyncMessageService~publishRealtimeOutgoingMessage: Message received historyresponse:import:794392f1-c9dc-4278-9a1b-bbbddb4530a8 Timeline in message: workspace:802728d0-e52d-4a27-8776-810fac72995f"]
[7096][1620787767756][requester][info]["BaseSyncTimeline~getPendingClientChanges: Starting to get pending changes for workspace:802728d0-e52d-4a27-8776-810fac72995f"]
[7096][1620787767762][requester][info]["BaseSyncTimeline~getPendingClientChanges: Finished to get pending changes for workspace:802728d0-e52d-4a27-8776-810fac72995f"]
[7096][1620787767762][requester][info]["BaseSyncTimeline~processClientChangesObservable: Started sending changeset for historyresponse:import:794392f1-c9dc-4278-9a1b-bbbddb4530a8 Timeline:workspace:802728d0-e52d-4a27-8776-810fac72995f"]
[7096][1620787767934][requester][info]["BaseSyncTimeline~processClientChangesObservable: Success for sending changeset for historyresponse:import:794392f1-c9dc-4278-9a1b-bbbddb4530a8 Timeline:workspace:802728d0-e52d-4a27-8776-810fac72995f"]
[7096][1620787936588][requester][info]["RealtimeSyncMessageService~publishRealtimeOutgoingMessage: Message received history:import:9c6c2042-043c-4742-9848-d955a9a87308 Timeline in message: workspace:802728d0-e52d-4a27-8776-810fac72995f"]
[7096][1620787936590][requester][info]["BaseSyncTimeline~getPendingClientChanges: Starting to get pending changes for workspace:802728d0-e52d-4a27-8776-810fac72995f"]
[7096][1620787936599][requester][info]["BaseSyncTimeline~getPendingClientChanges: Finished to get pending changes for workspace:802728d0-e52d-4a27-8776-810fac72995f"]
[7096][1620787936600][requester][info]["BaseSyncTimeline~processClientChangesObservable: Started sending changeset for history:import:9c6c2042-043c-4742-9848-d955a9a87308 Timeline:workspace:802728d0-e52d-4a27-8776-810fac72995f"]
[7096][1620787937037][requester][info]["BaseSyncTimeline~processClientChangesObservable: Success for sending changeset for history:import:9c6c2042-043c-4742-9848-d955a9a87308 Timeline:workspace:802728d0-e52d-4a27-8776-810fac72995f"]
[7096][1620787938086][requester][info]["RealtimeSyncMessageService~publishRealtimeOutgoingMessage: Message received historyresponse:import:3cfed913-ea29-4729-ad60-c7e54799c172 Timeline in message: workspace:802728d0-e52d-4a27-8776-810fac72995f"]
[7096][1620787938086][requester][info]["BaseSyncTimeline~getPendingClientChanges: Starting to get pending changes for workspace:802728d0-e52d-4a27-8776-810fac72995f"]
[7096][1620787938090][requester][info]["BaseSyncTimeline~getPendingClientChanges: Finished to get pending changes for workspace:802728d0-e52d-4a27-8776-810fac72995f"]
[7096][1620787938090][requester][info]["BaseSyncTimeline~processClientChangesObservable: Started sending changeset for historyresponse:import:3cfed913-ea29-4729-ad60-c7e54799c172 Timeline:workspace:802728d0-e52d-4a27-8776-810fac72995f"]
[7096][1620787938282][requester][info]["BaseSyncTimeline~processClientChangesObservable: Success for sending changeset for historyresponse:import:3cfed913-ea29-4729-ad60-c7e54799c172 Timeline:workspace:802728d0-e52d-4a27-8776-810fac72995f"]
[7096][1620787946167][requester][info]["RealtimeSyncMessageService~publishRealtimeOutgoingMessage: Message received history:import:14ed4a65-8830-47af-b449-7a5605332bc2 Timeline in message: workspace:802728d0-e52d-4a27-8776-810fac72995f"]
[7096][1620787946167][requester][info]["BaseSyncTimeline~getPendingClientChanges: Starting to get pending changes for workspace:802728d0-e52d-4a27-8776-810fac72995f"]
[7096][1620787946173][requester][info]["BaseSyncTimeline~getPendingClientChanges: Finished to get pending changes for workspace:802728d0-e52d-4a27-8776-810fac72995f"]
[7096][1620787946173][requester][info]["BaseSyncTimeline~processClientChangesObservable: Started sending changeset for history:import:14ed4a65-8830-47af-b449-7a5605332bc2 Timeline:workspace:802728d0-e52d-4a27-8776-810fac72995f"]
[7096][1620787946566][requester][info]["BaseSyncTimeline~processClientChangesObservable: Success for sending changeset for history:import:14ed4a65-8830-47af-b449-7a5605332bc2 Timeline:workspace:802728d0-e52d-4a27-8776-810fac72995f"]
[7096][1620787946671][requester][info]["RealtimeSyncMessageService~publishRealtimeOutgoingMessage: Message received historyresponse:import:99c36eae-70b1-4478-88dc-d636a87a6c98 Timeline in message: workspace:802728d0-e52d-4a27-8776-810fac72995f"]
[7096][1620787946672][requester][info]["BaseSyncTimeline~getPendingClientChanges: Starting to get pending changes for workspace:802728d0-e52d-4a27-8776-810fac72995f"]
[7096][1620787946676][requester][info]["BaseSyncTimeline~getPendingClientChanges: Finished to get pending changes for workspace:802728d0-e52d-4a27-8776-810fac72995f"]
[7096][1620787946677][requester][info]["BaseSyncTimeline~processClientChangesObservable: Started sending changeset for historyresponse:import:99c36eae-70b1-4478-88dc-d636a87a6c98 Timeline:workspace:802728d0-e52d-4a27-8776-810fac72995f"]
[7096][1620787946995][requester][info]["BaseSyncTimeline~processClientChangesObservable: Success for sending changeset for historyresponse:import:99c36eae-70b1-4478-88dc-d636a87a6c98 Timeline:workspace:802728d0-e52d-4a27-8776-810fac72995f"]
[7096][1620788014303][requester][info]["RealtimeSyncMessageService~publishRealtimeOutgoingMessage: Message received history:import:eacb4aef-6165-4db4-b40b-28e730f3429f Timeline in message: workspace:802728d0-e52d-4a27-8776-810fac72995f"]
[7096][1620788014303][requester][info]["BaseSyncTimeline~getPendingClientChanges: Starting to get pending changes for workspace:802728d0-e52d-4a27-8776-810fac72995f"]
[7096][1620788014314][requester][info]["BaseSyncTimeline~getPendingClientChanges: Finished to get pending changes for workspace:802728d0-e52d-4a27-8776-810fac72995f"]
[7096][1620788014314][requester][info]["BaseSyncTimeline~processClientChangesObservable: Started sending changeset for history:import:eacb4aef-6165-4db4-b40b-28e730f3429f Timeline:workspace:802728d0-e52d-4a27-8776-810fac72995f"]
[7096][1620788015078][requester][info]["BaseSyncTimeline~processClientChangesObservable: Success for sending changeset for history:import:eacb4aef-6165-4db4-b40b-28e730f3429f Timeline:workspace:802728d0-e52d-4a27-8776-810fac72995f"]
[7096][1620788015402][requester][info]["RealtimeSyncMessageService~publishRealtimeOutgoingMessage: Message received historyresponse:import:454e84e2-a355-4c68-a86c-536af61407cf Timeline in message: workspace:802728d0-e52d-4a27-8776-810fac72995f"]
[7096][1620788015403][requester][info]["BaseSyncTimeline~getPendingClientChanges: Starting to get pending changes for workspace:802728d0-e52d-4a27-8776-810fac72995f"]
[7096][1620788015410][requester][info]["BaseSyncTimeline~getPendingClientChanges: Finished to get pending changes for workspace:802728d0-e52d-4a27-8776-810fac72995f"]
[7096][1620788015411][requester][info]["BaseSyncTimeline~processClientChangesObservable: Started sending changeset for historyresponse:import:454e84e2-a355-4c68-a86c-536af61407cf Timeline:workspace:802728d0-e52d-4a27-8776-810fac72995f"]
[7096][1620788015580][requester][info]["BaseSyncTimeline~processClientChangesObservable: Success for sending changeset for historyresponse:import:454e84e2-a355-4c68-a86c-536af61407cf Timeline:workspace:802728d0-e52d-4a27-8776-810fac72995f"]
[7096][1620788075726][requester][info]["RealtimeSyncMessageService~publishRealtimeOutgoingMessage: Message received history:import:c5082fcf-273f-4eaa-b009-765e33462ab8 Timeline in message: workspace:802728d0-e52d-4a27-8776-810fac72995f"]
[7096][1620788075727][requester][info]["BaseSyncTimeline~getPendingClientChanges: Starting to get pending changes for workspace:802728d0-e52d-4a27-8776-810fac72995f"]
[7096][1620788075735][requester][info]["BaseSyncTimeline~getPendingClientChanges: Finished to get pending changes for workspace:802728d0-e52d-4a27-8776-810fac72995f"]
[7096][1620788075736][requester][info]["BaseSyncTimeline~processClientChangesObservable: Started sending changeset for history:import:c5082fcf-273f-4eaa-b009-765e33462ab8 Timeline:workspace:802728d0-e52d-4a27-8776-810fac72995f"]
[7096][1620788075913][requester][info]["BaseSyncTimeline~processClientChangesObservable: Success for sending changeset for history:import:c5082fcf-273f-4eaa-b009-765e33462ab8 Timeline:workspace:802728d0-e52d-4a27-8776-810fac72995f"]
[7096][1620788076370][requester][info]["RealtimeSyncMessageService~publishRealtimeOutgoingMessage: Message received historyresponse:import:73e06304-17cf-499f-9261-672c5f094838 Timeline in message: workspace:802728d0-e52d-4a27-8776-810fac72995f"]
[7096][1620788076371][requester][info]["BaseSyncTimeline~getPendingClientChanges: Starting to get pending changes for workspace:802728d0-e52d-4a27-8776-810fac72995f"]
[7096][1620788076376][requester][info]["BaseSyncTimeline~getPendingClientChanges: Finished to get pending changes for workspace:802728d0-e52d-4a27-8776-810fac72995f"]
[7096][1620788076377][requester][info]["BaseSyncTimeline~processClientChangesObservable: Started sending changeset for historyresponse:import:73e06304-17cf-499f-9261-672c5f094838 Timeline:workspace:802728d0-e52d-4a27-8776-810fac72995f"]
[7096][1620788076556][requester][info]["BaseSyncTimeline~processClientChangesObservable: Success for sending changeset for historyresponse:import:73e06304-17cf-499f-9261-672c5f094838 Timeline:workspace:802728d0-e52d-4a27-8776-810fac72995f"]
[7096][1620788499484][requester][info]["RealtimeSyncMessageService~publishRealtimeOutgoingMessage: Message received history:import:c454362a-cbee-4273-9874-09ab6aa2df17 Timeline in message: workspace:802728d0-e52d-4a27-8776-810fac72995f"]
[7096][1620788499485][requester][info]["BaseSyncTimeline~getPendingClientChanges: Starting to get pending changes for workspace:802728d0-e52d-4a27-8776-810fac72995f"]
[7096][1620788499496][requester][info]["BaseSyncTimeline~getPendingClientChanges: Finished to get pending changes for workspace:802728d0-e52d-4a27-8776-810fac72995f"]
[7096][1620788499497][requester][info]["BaseSyncTimeline~processClientChangesObservable: Started sending changeset for history:import:c454362a-cbee-4273-9874-09ab6aa2df17 Timeline:workspace:802728d0-e52d-4a27-8776-810fac72995f"]
[7096][1620788500094][requester][info]["BaseSyncTimeline~processClientChangesObservable: Success for sending changeset for history:import:c454362a-cbee-4273-9874-09ab6aa2df17 Timeline:workspace:802728d0-e52d-4a27-8776-810fac72995f"]
[7096][1620788503096][requester][info]["RealtimeSyncMessageService~publishRealtimeOutgoingMessage: Message received historyresponse:import:c84a5d51-8d6e-4f5c-97ab-61d1fc5374dd Timeline in message: workspace:802728d0-e52d-4a27-8776-810fac72995f"]
[7096][1620788503097][requester][info]["BaseSyncTimeline~getPendingClientChanges: Starting to get pending changes for workspace:802728d0-e52d-4a27-8776-810fac72995f"]
[7096][1620788503101][requester][info]["BaseSyncTimeline~getPendingClientChanges: Finished to get pending changes for workspace:802728d0-e52d-4a27-8776-810fac72995f"]
[7096][1620788503102][requester][info]["BaseSyncTimeline~processClientChangesObservable: Started sending changeset for historyresponse:import:c84a5d51-8d6e-4f5c-97ab-61d1fc5374dd Timeline:workspace:802728d0-e52d-4a27-8776-810fac72995f"]
[7096][1620788503670][requester][info]["BaseSyncTimeline~processClientChangesObservable: Success for sending changeset for historyresponse:import:c84a5d51-8d6e-4f5c-97ab-61d1fc5374dd Timeline:workspace:802728d0-e52d-4a27-8776-810fac72995f"]
[7096][1620788623877][requester][info]["RealtimeSyncMessageService~publishRealtimeOutgoingMessage: Message received history:import:46a3fcb2-0091-43de-9161-7f742d882be2 Timeline in message: workspace:802728d0-e52d-4a27-8776-810fac72995f"]
[7096][1620788623877][requester][info]["BaseSyncTimeline~getPendingClientChanges: Starting to get pending changes for workspace:802728d0-e52d-4a27-8776-810fac72995f"]
[7096][1620788623881][requester][info]["BaseSyncTimeline~getPendingClientChanges: Finished to get pending changes for workspace:802728d0-e52d-4a27-8776-810fac72995f"]
[7096][1620788623882][requester][info]["BaseSyncTimeline~processClientChangesObservable: Started sending changeset for history:import:46a3fcb2-0091-43de-9161-7f742d882be2 Timeline:workspace:802728d0-e52d-4a27-8776-810fac72995f"]
[7096][1620788624059][requester][info]["BaseSyncTimeline~processClientChangesObservable: Success for sending changeset for history:import:46a3fcb2-0091-43de-9161-7f742d882be2 Timeline:workspace:802728d0-e52d-4a27-8776-810fac72995f"]
[7096][1620788625405][requester][info]["RealtimeSyncMessageService~publishRealtimeOutgoingMessage: Message received historyresponse:import:9bf01aaf-10d5-41f9-81cf-ee8c898f5b1d Timeline in message: workspace:802728d0-e52d-4a27-8776-810fac72995f"]
[7096][1620788625405][requester][info]["BaseSyncTimeline~getPendingClientChanges: Starting to get pending changes for workspace:802728d0-e52d-4a27-8776-810fac72995f"]
[7096][1620788625411][requester][info]["BaseSyncTimeline~getPendingClientChanges: Finished to get pending changes for workspace:802728d0-e52d-4a27-8776-810fac72995f"]
[7096][1620788625411][requester][info]["BaseSyncTimeline~processClientChangesObservable: Started sending changeset for historyresponse:import:9bf01aaf-10d5-41f9-81cf-ee8c898f5b1d Timeline:workspace:802728d0-e52d-4a27-8776-810fac72995f"]
[7096][1620788625589][requester][info]["BaseSyncTimeline~processClientChangesObservable: Success for sending changeset for historyresponse:import:9bf01aaf-10d5-41f9-81cf-ee8c898f5b1d Timeline:workspace:802728d0-e52d-4a27-8776-810fac72995f"]
[7096][1620788691564][requester][info]["RealtimeSyncMessageService~publishRealtimeOutgoingMessage: Message received history:import:e578b42e-6c91-4507-b39a-baaa64acb7cd Timeline in message: workspace:802728d0-e52d-4a27-8776-810fac72995f"]
[7096][1620788691565][requester][info]["BaseSyncTimeline~getPendingClientChanges: Starting to get pending changes for workspace:802728d0-e52d-4a27-8776-810fac72995f"]
[7096][1620788691601][requester][info]["BaseSyncTimeline~getPendingClientChanges: Finished to get pending changes for workspace:802728d0-e52d-4a27-8776-810fac72995f"]
[7096][1620788691603][requester][info]["BaseSyncTimeline~processClientChangesObservable: Started sending changeset for history:import:e578b42e-6c91-4507-b39a-baaa64acb7cd Timeline:workspace:802728d0-e52d-4a27-8776-810fac72995f"]
[7096][1620788692019][requester][info]["BaseSyncTimeline~processClientChangesObservable: Success for sending changeset for history:import:e578b42e-6c91-4507-b39a-baaa64acb7cd Timeline:workspace:802728d0-e52d-4a27-8776-810fac72995f"]
[7096][1620788694553][requester][info]["RealtimeSyncMessageService~publishRealtimeOutgoingMessage: Message received historyresponse:import:a2f80965-8730-461f-a254-7827c46ecfce Timeline in message: workspace:802728d0-e52d-4a27-8776-810fac72995f"]
[7096][1620788694554][requester][info]["BaseSyncTimeline~getPendingClientChanges: Starting to get pending changes for workspace:802728d0-e52d-4a27-8776-810fac72995f"]
[7096][1620788694559][requester][info]["BaseSyncTimeline~getPendingClientChanges: Finished to get pending changes for workspace:802728d0-e52d-4a27-8776-810fac72995f"]
[7096][1620788694560][requester][info]["BaseSyncTimeline~processClientChangesObservable: Started sending changeset for historyresponse:import:a2f80965-8730-461f-a254-7827c46ecfce Timeline:workspace:802728d0-e52d-4a27-8776-810fac72995f"]
[7096][1620788695082][requester][info]["BaseSyncTimeline~processClientChangesObservable: Success for sending changeset for historyresponse:import:a2f80965-8730-461f-a254-7827c46ecfce Timeline:workspace:802728d0-e52d-4a27-8776-810fac72995f"]
[7096][1620788813577][requester][info]["RealtimeSyncMessageService~publishRealtimeOutgoingMessage: Message received history:import:8da9922e-d2e7-497b-b0bc-eccf47974471 Timeline in message: workspace:802728d0-e52d-4a27-8776-810fac72995f"]
[7096][1620788813577][requester][info]["BaseSyncTimeline~getPendingClientChanges: Starting to get pending changes for workspace:802728d0-e52d-4a27-8776-810fac72995f"]
[7096][1620788813591][requester][info]["BaseSyncTimeline~getPendingClientChanges: Finished to get pending changes for workspace:802728d0-e52d-4a27-8776-810fac72995f"]
[7096][1620788813592][requester][info]["BaseSyncTimeline~processClientChangesObservable: Started sending changeset for history:import:8da9922e-d2e7-497b-b0bc-eccf47974471 Timeline:workspace:802728d0-e52d-4a27-8776-810fac72995f"]
[7096][1620788813773][requester][info]["BaseSyncTimeline~processClientChangesObservable: Success for sending changeset for history:import:8da9922e-d2e7-497b-b0bc-eccf47974471 Timeline:workspace:802728d0-e52d-4a27-8776-810fac72995f"]
[7096][1620788815351][requester][info]["RealtimeSyncMessageService~publishRealtimeOutgoingMessage: Message received historyresponse:import:b1a6ca17-2977-49dc-8dea-9828d87d53ac Timeline in message: workspace:802728d0-e52d-4a27-8776-810fac72995f"]
[7096][1620788815351][requester][info]["BaseSyncTimeline~getPendingClientChanges: Starting to get pending changes for workspace:802728d0-e52d-4a27-8776-810fac72995f"]
[7096][1620788815360][requester][info]["BaseSyncTimeline~getPendingClientChanges: Finished to get pending changes for workspace:802728d0-e52d-4a27-8776-810fac72995f"]
[7096][1620788815360][requester][info]["BaseSyncTimeline~processClientChangesObservable: Started sending changeset for historyresponse:import:b1a6ca17-2977-49dc-8dea-9828d87d53ac Timeline:workspace:802728d0-e52d-4a27-8776-810fac72995f"]
[7096][1620788815540][requester][info]["BaseSyncTimeline~processClientChangesObservable: Success for sending changeset for historyresponse:import:b1a6ca17-2977-49dc-8dea-9828d87d53ac Timeline:workspace:802728d0-e52d-4a27-8776-810fac72995f"]
[7096][1620789006873][requester][warn]["AcUiUtils~getActionInfo: Could not get the AC action for",{"action":"addcollection","entityType":"workspace","entityId":"802728d0-e52d-4a27-8776-810fac72995f"}]
[7096][1620789007000][requester][info]["RealtimeSyncMessageService~publishRealtimeOutgoingMessage: Message received collection:import:2a8bbd85-9059-4a28-92d1-a15fe2f7108e Timeline in message: collection:15139008-2a8bbd85-9059-4a28-92d1-a15fe2f7108e"]
[7096][1620789007001][requester][info]["RealtimeSyncMessageService~publishRealtimeOutgoingMessage: Message received workspace:update:802728d0-e52d-4a27-8776-810fac72995f Timeline in message: workspace:802728d0-e52d-4a27-8776-810fac72995f"]
[7096][1620789007001][requester][info]["BaseSyncTimeline~getPendingClientChanges: Starting to get pending changes for workspace:802728d0-e52d-4a27-8776-810fac72995f"]
[7096][1620789007018][requester][info]["BaseSyncTimeline~subscribe: Subscribing to real time changes for collection:15139008-2a8bbd85-9059-4a28-92d1-a15fe2f7108e"]
[7096][1620789007018][requester][info]["BaseSyncTimeline~_sync: Starting sync for collection:15139008-2a8bbd85-9059-4a28-92d1-a15fe2f7108e"]
[7096][1620789007020][requester][info]["BaseSyncTimeline~getPendingClientChanges: Finished to get pending changes for workspace:802728d0-e52d-4a27-8776-810fac72995f"]
[7096][1620789007021][requester][info]["BaseSyncTimeline~getPendingClientChanges: Starting to get pending changes for collection:15139008-2a8bbd85-9059-4a28-92d1-a15fe2f7108e"]
[7096][1620789007023][requester][info]["BaseSyncTimeline~processClientChangesObservable: Started sending changeset for workspace:update:802728d0-e52d-4a27-8776-810fac72995f Timeline:workspace:802728d0-e52d-4a27-8776-810fac72995f"]
[7096][1620789007024][requester][info]["SyncMangerNew~sendChangesetToServer: dropping sideEffect changeset","workspace:update:802728d0-e52d-4a27-8776-810fac72995f"]
[7096][1620789007028][requester][info]["BaseSyncTimeline~getPendingClientChanges: Finished to get pending changes for collection:15139008-2a8bbd85-9059-4a28-92d1-a15fe2f7108e"]
[7096][1620789007030][requester][info]["BaseSyncTimeline~processClientChangesObservable: Started sending changeset for collection:import:2a8bbd85-9059-4a28-92d1-a15fe2f7108e Timeline:collection:15139008-2a8bbd85-9059-4a28-92d1-a15fe2f7108e"]
[7096][1620789007036][requester][info]["BaseSyncTimeline~processClientChangesObservable: Success for sending changeset for workspace:update:802728d0-e52d-4a27-8776-810fac72995f Timeline:workspace:802728d0-e52d-4a27-8776-810fac72995f"]
[7096][1620789007584][requester][info]["RealtimeSyncMessageService~publishRealtimeIncomingMessage: Message received workspace:broadcast Timeline in message: undefined:undefined"]
[7096][1620789007601][requester][info]["BaseSyncTimeline~processClientChangesObservable: Success for sending changeset for collection:import:2a8bbd85-9059-4a28-92d1-a15fe2f7108e Timeline:collection:15139008-2a8bbd85-9059-4a28-92d1-a15fe2f7108e"]
[7096][1620789007610][requester][info]["BaseSyncTimeline~SyncFinishedObservable: Successful sync proceeding with integrity check and force sync for collection:15139008-2a8bbd85-9059-4a28-92d1-a15fe2f7108e"]
[7096][1620789007611][requester][info]["BaseSyncTimeline~_handleForceSync: Starting force sync for collection:15139008-2a8bbd85-9059-4a28-92d1-a15fe2f7108e"]
[7096][1620789007611][requester][info]["BaseSyncTimeline~_handleForceSync: Finished force sync for collection:15139008-2a8bbd85-9059-4a28-92d1-a15fe2f7108e"]
[7096][1620789007782][requester][info]["BaseSyncTimeline~subscribe: Subscribing to real time changes for collection:15139008-2a8bbd85-9059-4a28-92d1-a15fe2f7108e"]
[7096][1620789007783][requester][info]["BaseSyncTimeline~_sync: Starting sync for collection:15139008-2a8bbd85-9059-4a28-92d1-a15fe2f7108e"]
[7096][1620789007785][requester][info]["BaseSyncTimeline~getPendingClientChanges: Starting to get pending changes for collection:15139008-2a8bbd85-9059-4a28-92d1-a15fe2f7108e"]
[7096][1620789007785][requester][info]["BaseSyncTimeline~getPendingClientChanges: Finished to get pending changes for collection:15139008-2a8bbd85-9059-4a28-92d1-a15fe2f7108e"]
[7096][1620789007788][requester][info]["BaseSyncTimeline~getPendingServerChanges: Starting /sync call for collection:15139008-2a8bbd85-9059-4a28-92d1-a15fe2f7108e"]
[7096][1620789008049][requester][info]["BaseSyncTimeline~SyncFinishedObservable: Successful sync proceeding with integrity check and force sync for collection:15139008-2a8bbd85-9059-4a28-92d1-a15fe2f7108e"]
[7096][1620789008050][requester][info]["BaseSyncTimeline~handleIntegrityChecks: Starting integrity check for collection:15139008-2a8bbd85-9059-4a28-92d1-a15fe2f7108e"]
[7096][1620789008278][requester][info]["BaseSyncTimeline~handleIntegrityChecks: Finished integrity check for collection:15139008-2a8bbd85-9059-4a28-92d1-a15fe2f7108e"]
[7096][1620789008278][requester][info]["BaseSyncTimeline~_handleForceSync: Starting force sync for collection:15139008-2a8bbd85-9059-4a28-92d1-a15fe2f7108e"]
[7096][1620789008278][requester][info]["BaseSyncTimeline~_handleForceSync: Finished force sync for collection:15139008-2a8bbd85-9059-4a28-92d1-a15fe2f7108e"]
[7096][1620789008691][requester][info]["RealtimeSyncMessageService~publishRealtimeOutgoingMessage: Message received request:import:7ff152b1-a916-445d-b293-99e0e58c30ce Timeline in message: collection:15139008-2a8bbd85-9059-4a28-92d1-a15fe2f7108e"]
[7096][1620789008691][requester][info]["BaseSyncTimeline~getPendingClientChanges: Starting to get pending changes for collection:15139008-2a8bbd85-9059-4a28-92d1-a15fe2f7108e"]
[7096][1620789008691][requester][info]["RealtimeSyncMessageService~publishRealtimeOutgoingMessage: Message received collection:update:2a8bbd85-9059-4a28-92d1-a15fe2f7108e Timeline in message: collection:15139008-2a8bbd85-9059-4a28-92d1-a15fe2f7108e"]
[7096][1620789008719][requester][info]["BaseSyncTimeline~getPendingClientChanges: Finished to get pending changes for collection:15139008-2a8bbd85-9059-4a28-92d1-a15fe2f7108e"]
[7096][1620789008723][requester][info]["BaseSyncTimeline~processClientChangesObservable: Started sending changeset for request:import:7ff152b1-a916-445d-b293-99e0e58c30ce Timeline:collection:15139008-2a8bbd85-9059-4a28-92d1-a15fe2f7108e"]
[7096][1620789009287][requester][info]["RealtimeSyncMessageService~publishRealtimeIncomingMessage: Message received workspace:broadcast Timeline in message: undefined:undefined"]
[7096][1620789009355][requester][info]["BaseSyncTimeline~processClientChangesObservable: Success for sending changeset for request:import:7ff152b1-a916-445d-b293-99e0e58c30ce Timeline:collection:15139008-2a8bbd85-9059-4a28-92d1-a15fe2f7108e"]
[7096][1620789009357][requester][info]["BaseSyncTimeline~processClientChangesObservable: Started sending changeset for collection:update:2a8bbd85-9059-4a28-92d1-a15fe2f7108e Timeline:collection:15139008-2a8bbd85-9059-4a28-92d1-a15fe2f7108e"]
[7096][1620789009801][requester][info]["RealtimeSyncMessageService~publishRealtimeIncomingMessage: Message received workspace:broadcast Timeline in message: undefined:undefined"]
[7096][1620789009939][requester][info]["BaseSyncTimeline~processClientChangesObservable: Success for sending changeset for collection:update:2a8bbd85-9059-4a28-92d1-a15fe2f7108e Timeline:collection:15139008-2a8bbd85-9059-4a28-92d1-a15fe2f7108e"]
[7096][1620789009947][requester][info]["BaseSyncTimeline~getPendingClientChanges: Starting to get pending changes for collection:15139008-2a8bbd85-9059-4a28-92d1-a15fe2f7108e"]
[7096][1620789009948][requester][info]["BaseSyncTimeline~getPendingClientChanges: Finished to get pending changes for collection:15139008-2a8bbd85-9059-4a28-92d1-a15fe2f7108e"]
[9099][1620789551325][requester][info]["EventBus~initialize - Success"]
[9099][1620789551326][requester][info]["Messaging~boot - Success"]
[9099][1620789551341][requester][info]["bootCrashReporter~ Success"]
[9099][1620789551344][requester][info]["Telemetry~boot - Success"]
[9099][1620789551345][requester][info]["bootConfigurations~initialize - Success"]
[9099][1620789551347][requester][info]["Settings~boot - Success"]
[9099][1620789551436][requester][info]["bootstrapModels - Success"]
[9099][1620789551437][requester][info]["WLModels~boot - Success"]
[9099][1620789551445][requester][info]["Session~boot - Success"]
[9099][1620789551449][requester][info]["IndependentServices~boot - Success"]
[9099][1620789551458][requester][info]["AppModels~boot - Success"]
[9099][1620789551467][requester][info]["Sync~boot - Success"]
[9099][1620789551564][requester][info]["PostUpdateBackup~init: Success"]
[9099][1620789551566][requester][info]["Shared~boot - Success"]
[9099][1620789551568][requester][info]["DBWatcher~boot - Success"]
[9099][1620789551573][requester][info]["ThemeManager~boot - Success"]
[9099][1620789551574][requester][info]["WorkbenchService~boot - Success"]
[9099][1620789551574][requester][info]["ContextBarRegistry~boot - Success"]
[9099][1620789551575][requester][info]["Store~boot - Success"]
[9099][1620789551578][requester][info]["Shortcuts~boot - Success"]
[9099][1620789551637][requester][info]["NewConsole~boot - Success"]
[9099][1620789551644][requester][info]["APIDevInterface~boot - Success"]
[9099][1620789551644][requester][info]["initializePostV8UpdateCheck: Success"]
[9099][1620789551647][requester][error]["Failed to detach IPC node",{"name":"TypeError","message":"Cannot read property 'dispose' of null","stack":"TypeError: Cannot read property 'dispose' of null\n    at ElectronTCPReader.detachProxyIpcNode (file:///opt/postman/app/resources/app/js/requester.js:25358:25)\n    at ElectronTCPReader.attachProxyIpcNode (file:///opt/postman/app/resources/app/js/requester.js:25322:10)\n    at new ElectronTCPReader (file:///opt/postman/app/resources/app/js/requester.js:25299:12)\n    at file:///opt/postman/app/resources/app/js/requester.js:24086:18\n    at file:///opt/postman/app/resources/app/js/vendor-shared.js:17915:9\n    at file:///opt/postman/app/resources/app/js/vendor-shared.js:19134:16\n    at replenish (file:///opt/postman/app/resources/app/js/vendor-shared.js:19103:25)\n    at iterateeCallback (file:///opt/postman/app/resources/app/js/vendor-shared.js:19092:17)\n    at file:///opt/postman/app/resources/app/js/vendor-shared.js:19844:16\n    at file:///opt/postman/app/resources/app/js/vendor-shared.js:17912:13\n    at sentryWrapped (file:///opt/postman/app/resources/app/js/vendor-shared.js:917299:27)"}]
[9099][1620789551651][requester][info]["Attempting to create IPCNode to proxy_node_process"]
[9099][1620789551658][requester][info]["Requester~boot - Success"]
[9099][1620789551660][requester][info]["SharedRuntimeListeners~boot - Success"]
[9099][1620789551662][requester][info]["booted - requester"]
[9099][1620789551741][requester][info]["CloudProxyHandler: Proxy configuration has not been setup"]
[9099][1620789551741][requester][error]["IPCNode~createClient~something wrong connecting to the IPC server",{"errno":"ENOENT","code":"ENOENT","syscall":"connect","address":"/home/itami/.config/Postman/proxy_node_process_prod.sock","name":"Error","message":"connect ENOENT /home/itami/.config/Postman/proxy_node_process_prod.sock","stack":"Error: connect ENOENT /home/itami/.config/Postman/proxy_node_process_prod.sock\n    at PipeConnectWrap.afterConnect [as oncomplete] (net.js:1134:16)"}]
[9099][1620789551962][requester][info]["NavigationService ~ [BROWSER] Transitioning io the initial route with the URL:","workspace/802728d0-e52d-4a27-8776-810fac72995f"]
[9099][1620789552302][requester][info]["SessionValidation - Registering listener"]
[9099][1620789552312][requester][info]["UI pulled the session locked information on init"]
[9099][1620789553055][requester][warn]["FeatureFlagsStore~updateFlags: Could not find feature flags",{"error":{"message":"SyncRequestService\\x7erequestListener: Could not fetch from sync. Socket not connected."}}]
[9099][1620789553854][requester][warn]["FeatureFlagsStore~updateFlags: Could not find feature flags",{"error":{"message":"SyncRequestService\\x7erequestListener: Could not fetch from sync. Socket not connected."}}]
[9099][1620789555422][requester][warn]["GateKeeperService~_handleKeyUpdate: Invalid key type provided",{"type":"flags","value":false}]
[9099][1620789555423][requester][info]["GateKeeperService~onNotificationToggle Key value toggled for Notification to true"]
[9099][1620789555423][requester][info]["GateKeeperService~onSyncToggle Key value toggled for Sync to true"]
[9099][1620789555423][requester][info]["GateKeeperService~onWebsocketToggle Key value toggled for Websocket to true"]
[9099][1620789555423][requester][warn]["SyncManagerNew~attachGateKeeperHandlers: listening to notification event",{"name":"notification","namespace":"gatekeeper","data":{"isEnabled":true}}]
[9099][1620789555424][requester][warn]["SyncManagerNew~attachGateKeeperHandlers: listening to sync event",{"name":"sync","namespace":"gatekeeper","data":{"isEnabled":true}}]
[9099][1620789555424][requester][info]["SyncManagerNew~setSync",true]
[9099][1620789555424][requester][info]["SyncManagerNew~signIn",{"forceConnect":true}]
[9099][1620789555426][requester][warn]["SyncManagerNew~attachGateKeeperHandlers: listening to websocket event",{"name":"websocket","namespace":"gatekeeper","data":{"isEnabled":true}}]
[9099][1620789555426][requester][info]["SyncManagerNew~setSync",true]
[9099][1620789555426][requester][info]["SyncManagerNew~signIn",{"forceConnect":true}]
[9099][1620789555435][requester][info]["SyncManagerNew~createSocket",{"forceConnect":true}]
[9099][1620789555437][requester][info]["SyncManagerNew~createSocket",{"forceConnect":true}]
[9099][1620789555447][requester][info]["SyncManagerNew~createSocket","sailsIO.connect",{"url":"https://bifrost-v4.getpostman.com","opts":{"reconnectionDelay":10000,"reconnectionDelayMax":60000,"reconnectionAttempts":8,"randomizationFactor":0.3}}]
[9099][1620789556096][requester][info]["SyncManagerNew~_onConnect"]
[9099][1620789556110][requester][info]["SyncManagerNew~signIn",{}]
[9099][1620789556171][requester][info]["SyncTimelineHelper: Force stopping all timelines"]
[9099][1620789556172][requester][info]["BaseSyncTimeline~forceStop: Force stop user:15139008"]
[9099][1620789556203][requester][info]["BaseSyncTimeline~subscribe: Subscribing to real time changes for user:15139008"]
[9099][1620789556203][requester][info]["BaseSyncTimeline~_sync: Starting sync for user:15139008"]
[9099][1620789556204][requester][info]["BaseSyncTimeline~subscribe: Subscribing to real time changes for workspace:802728d0-e52d-4a27-8776-810fac72995f"]
[9099][1620789556205][requester][info]["BaseSyncTimeline~_sync: Starting sync for workspace:802728d0-e52d-4a27-8776-810fac72995f"]
[9099][1620789556206][requester][info]["BaseSyncTimeline~subscribe: Subscribing to real time changes for collection:15139008-2a8bbd85-9059-4a28-92d1-a15fe2f7108e"]
[9099][1620789556206][requester][info]["BaseSyncTimeline~_sync: Starting sync for collection:15139008-2a8bbd85-9059-4a28-92d1-a15fe2f7108e"]
[9099][1620789556212][requester][info]["BaseSyncTimeline~getPendingClientChanges: Starting to get pending changes for user:15139008"]
[9099][1620789556213][requester][info]["BaseSyncTimeline~getPendingClientChanges: Finished to get pending changes for user:15139008"]
[9099][1620789556214][requester][info]["BaseSyncTimeline~getPendingServerChanges: Starting /sync call for user:15139008"]
[9099][1620789556216][requester][info]["BaseSyncTimeline~getPendingClientChanges: Starting to get pending changes for workspace:802728d0-e52d-4a27-8776-810fac72995f"]
[9099][1620789556216][requester][info]["BaseSyncTimeline~getPendingClientChanges: Finished to get pending changes for workspace:802728d0-e52d-4a27-8776-810fac72995f"]
[9099][1620789556217][requester][info]["BaseSyncTimeline~getPendingServerChanges: Starting /sync call for workspace:802728d0-e52d-4a27-8776-810fac72995f"]
[9099][1620789556218][requester][info]["BaseSyncTimeline~getPendingClientChanges: Starting to get pending changes for collection:15139008-2a8bbd85-9059-4a28-92d1-a15fe2f7108e"]
[9099][1620789556218][requester][info]["BaseSyncTimeline~getPendingClientChanges: Finished to get pending changes for collection:15139008-2a8bbd85-9059-4a28-92d1-a15fe2f7108e"]
[9099][1620789556218][requester][info]["BaseSyncTimeline~getPendingServerChanges: Starting /sync call for collection:15139008-2a8bbd85-9059-4a28-92d1-a15fe2f7108e"]
[9099][1620789556949][requester][info]["BaseSyncTimeline~SyncFinishedObservable: Successful sync proceeding with integrity check and force sync for user:15139008"]
[9099][1620789556949][requester][info]["BaseSyncTimeline~_handleForceSync: Bailing out of force sync for user:15139008"]
[9099][1620789556994][requester][info]["BaseSyncTimeline~getPendingServerChanges: Finished /sync call for collection:15139008-2a8bbd85-9059-4a28-92d1-a15fe2f7108e"]
[9099][1620789556995][requester][info]["BaseSyncTimeline~processServerChange: Started processing changeset for collection:import:2a8bbd85-9059-4a28-92d1-a15fe2f7108e Timeline:collection:15139008-2a8bbd85-9059-4a28-92d1-a15fe2f7108e"]
[9099][1620789557001][requester][info]["BaseSyncTimeline~getPendingServerChanges: Finished /sync call for workspace:802728d0-e52d-4a27-8776-810fac72995f"]
[9099][1620789557004][requester][info]["BaseSyncTimeline~processServerChange: Started processing changeset for workspace:create:802728d0-e52d-4a27-8776-810fac72995f Timeline:workspace:802728d0-e52d-4a27-8776-810fac72995f"]
[9099][1620789557033][requester][info]["BaseSyncTimeline~processServerChange: Finished processing changeset for collection:import:2a8bbd85-9059-4a28-92d1-a15fe2f7108e Timeline:collection:15139008-2a8bbd85-9059-4a28-92d1-a15fe2f7108e"]
[9099][1620789557047][requester][info]["BaseSyncTimeline~processServerChange: Finished processing changeset for workspace:create:802728d0-e52d-4a27-8776-810fac72995f Timeline:workspace:802728d0-e52d-4a27-8776-810fac72995f"]
[9099][1620789557048][requester][info]["BaseSyncTimeline~processServerChange: Started processing changeset for globals:create:7ac1c6e2-5af5-4e2e-8713-321f6970dd7d Timeline:workspace:802728d0-e52d-4a27-8776-810fac72995f"]
[9099][1620789557099][requester][info]["BaseSyncTimeline~processServerChange: Finished processing changeset for globals:create:7ac1c6e2-5af5-4e2e-8713-321f6970dd7d Timeline:workspace:802728d0-e52d-4a27-8776-810fac72995f"]
[9099][1620789557102][requester][info]["BaseSyncTimeline~SyncFinishedObservable: Successful sync proceeding with integrity check and force sync for collection:15139008-2a8bbd85-9059-4a28-92d1-a15fe2f7108e"]
[9099][1620789557102][requester][info]["BaseSyncTimeline~_handleForceSync: Starting force sync for collection:15139008-2a8bbd85-9059-4a28-92d1-a15fe2f7108e"]
[9099][1620789557103][requester][info]["BaseSyncTimeline~_handleForceSync: Finished force sync for collection:15139008-2a8bbd85-9059-4a28-92d1-a15fe2f7108e"]
[9099][1620789557143][requester][info]["BaseSyncTimeline~SyncFinishedObservable: Successful sync proceeding with integrity check and force sync for workspace:802728d0-e52d-4a27-8776-810fac72995f"]
[9099][1620789557143][requester][info]["BaseSyncTimeline~_handleForceSync: Bailing out of force sync for workspace:802728d0-e52d-4a27-8776-810fac72995f"]
[9099][1620789565800][requester][error]["CrashHandler~componentDidCatch: Error logged via props",,{"name":"TypeError","message":"Cannot read property 'map' of undefined","stack":"TypeError: Cannot read property 'map' of undefined\n    at _class.NextEntities (file:///opt/postman/app/resources/app/js/vendor-shared.js:660130:19)\n    at _class.render (file:///opt/postman/app/resources/app/js/vendor-shared.js:28194:33)\n    at allowStateChanges$$1 (file:///opt/postman/app/resources/app/js/vendor-shared.js:23079:15)\n    at file:///opt/postman/app/resources/app/js/vendor-shared.js:27971:84\n    at trackDerivedFunction$$1 (file:///opt/postman/app/resources/app/js/vendor-shared.js:23562:24)\n    at Reaction$$1.push.Reaction$$1.track (file:///opt/postman/app/resources/app/js/vendor-shared.js:24088:22)\n    at _class.reactiveRender [as render] (file:///opt/postman/app/resources/app/js/vendor-shared.js:27965:14)\n    at _class.makeComponentReactive (file:///opt/postman/app/resources/app/js/vendor-shared.js:28035:25)\n    at _class.target.render (file:///opt/postman/app/resources/app/js/vendor-shared.js:28216:34)\n    at gi (file:///opt/postman/app/resources/app/js/vendor-shared.js:364:192)\n    at fi (file:///opt/postman/app/resources/app/js/vendor-shared.js:363:224)\n    at Rj (file:///opt/postman/app/resources/app/js/vendor-shared.js:445:490)\n    at Qj (file:///opt/postman/app/resources/app/js/vendor-shared.js:428:265)\n    at Kj (file:///opt/postman/app/resources/app/js/vendor-shared.js:428:194)\n    at yj (file:///opt/postman/app/resources/app/js/vendor-shared.js:421:172)\n    at file:///opt/postman/app/resources/app/js/vendor-shared.js:305:115\n    at push.exports.unstable_runWithPriority (file:///opt/postman/app/resources/app/js/vendor-shared.js:512:467)\n    at cg (file:///opt/postman/app/resources/app/js/vendor-shared.js:304:325)\n    at fg (file:///opt/postman/app/resources/app/js/vendor-shared.js:305:61)\n    at gg (file:///opt/postman/app/resources/app/js/vendor-shared.js:304:496)\n    at Mj (file:///opt/postman/app/resources/app/js/vendor-shared.js:422:66)\n    at reactionScheduler (file:///opt/postman/app/resources/app/js/vendor-shared.js:24193:47)\n    at runReactions$$1 (file:///opt/postman/app/resources/app/js/vendor-shared.js:24169:5)\n    at endBatch$$1 (file:///opt/postman/app/resources/app/js/vendor-shared.js:23881:9)\n    at endAction (file:///opt/postman/app/resources/app/js/vendor-shared.js:23070:5)\n    at executeAction$$1 (file:///opt/postman/app/resources/app/js/vendor-shared.js:23038:9)\n    at DocumentationMasterStore.res (file:///opt/postman/app/resources/app/js/vendor-shared.js:23027:16)\n    at DocumentationMasterStore._fetchDataFromInterface (file:///opt/postman/app/resources/app/js/vendor-shared.js:662474:12)"},{"componentStack":"\n    in NextEntities\n    in div\n    in div\n    in Entity\n    in div\n    in DocumentationIntersectionObserver\n    in CrashHandler\n    in DocumentationContextBarView\n    in CrashHandler\n    in withErrorHandler(DocumentationContextBarView)\n    in div\n    in withContextBarTitle(withErrorHandler(DocumentationContextBarView))\n    in CrashHandler\n    in div\n    in div\n    in PaneContent\n    in CrashHandler\n    in div\n    in XPath\n    in ContextBarPane\n    in div\n    in div\n    in PaneGroup\n    in CollectionEditor\n    in CollectionWorkbenchView\n    in CrashHandler\n    in div\n    in div\n    in XPath\n    in TabContent\n    in div\n    in TabContents\n    in div\n    in KeyMaps\n    in KeyMapWrapper\n    in RequesterBuilderContainer\n    in clickOutside(RequesterBuilderContainer)\n    in XPath\n    in div\n    in PaneContent\n    in div\n    in Pane\n    in div\n    in div\n    in PaneGroup\n    in div\n    in RequesterContentContainer\n    in div\n    in PaneContent\n    in div\n    in Pane\n    in div\n    in div\n    in PaneGroup\n    in WorkspaceView\n    in div\n    in div\n    in GenericVariablesProvider\n    in VariablesProvider\n    in KeyMaps\n    in KeyMapWrapper\n    in XPathProvider\n    in Requester\n    in DragDropContext(Requester)\n    in ThemeProvider\n    in Theme\n    in CrashHandler"}]
[9099][1620789581549][requester][info]["RealtimeSyncMessageService~publishRealtimeOutgoingMessage: Message received history:import:b16daf6e-2fa2-4464-b10f-e5942bbddca3 Timeline in message: workspace:802728d0-e52d-4a27-8776-810fac72995f"]
[9099][1620789581552][requester][info]["BaseSyncTimeline~getPendingClientChanges: Starting to get pending changes for workspace:802728d0-e52d-4a27-8776-810fac72995f"]
[9099][1620789581571][requester][info]["BaseSyncTimeline~getPendingClientChanges: Finished to get pending changes for workspace:802728d0-e52d-4a27-8776-810fac72995f"]
[9099][1620789581573][requester][info]["BaseSyncTimeline~processClientChangesObservable: Started sending changeset for history:import:b16daf6e-2fa2-4464-b10f-e5942bbddca3 Timeline:workspace:802728d0-e52d-4a27-8776-810fac72995f"]
[9099][1620789581766][requester][info]["BaseSyncTimeline~processClientChangesObservable: Success for sending changeset for history:import:b16daf6e-2fa2-4464-b10f-e5942bbddca3 Timeline:workspace:802728d0-e52d-4a27-8776-810fac72995f"]
[9099][1620789583600][requester][info]["RealtimeSyncMessageService~publishRealtimeOutgoingMessage: Message received historyresponse:import:2384126f-c2b2-464d-9669-b88fb91cec91 Timeline in message: workspace:802728d0-e52d-4a27-8776-810fac72995f"]
[9099][1620789583601][requester][info]["BaseSyncTimeline~getPendingClientChanges: Starting to get pending changes for workspace:802728d0-e52d-4a27-8776-810fac72995f"]
[9099][1620789583607][requester][info]["BaseSyncTimeline~getPendingClientChanges: Finished to get pending changes for workspace:802728d0-e52d-4a27-8776-810fac72995f"]
[9099][1620789583607][requester][info]["BaseSyncTimeline~processClientChangesObservable: Started sending changeset for historyresponse:import:2384126f-c2b2-464d-9669-b88fb91cec91 Timeline:workspace:802728d0-e52d-4a27-8776-810fac72995f"]
[9099][1620789583701][requester][warn]["APIDevInterface~getAPIForModel: There is no API linked to the model"]
[9099][1620789583792][requester][info]["BaseSyncTimeline~processClientChangesObservable: Success for sending changeset for historyresponse:import:2384126f-c2b2-464d-9669-b88fb91cec91 Timeline:workspace:802728d0-e52d-4a27-8776-810fac72995f"]
[9099][1620790162633][requester][info]["RealtimeSyncMessageService~publishRealtimeOutgoingMessage: Message received history:import:e22a9d25-ba91-4cba-acd3-e90990bdce37 Timeline in message: workspace:802728d0-e52d-4a27-8776-810fac72995f"]
[9099][1620790162636][requester][info]["BaseSyncTimeline~getPendingClientChanges: Starting to get pending changes for workspace:802728d0-e52d-4a27-8776-810fac72995f"]
[9099][1620790162644][requester][info]["BaseSyncTimeline~getPendingClientChanges: Finished to get pending changes for workspace:802728d0-e52d-4a27-8776-810fac72995f"]
[9099][1620790162647][requester][info]["BaseSyncTimeline~processClientChangesObservable: Started sending changeset for history:import:e22a9d25-ba91-4cba-acd3-e90990bdce37 Timeline:workspace:802728d0-e52d-4a27-8776-810fac72995f"]
[9099][1620790163039][requester][info]["BaseSyncTimeline~processClientChangesObservable: Success for sending changeset for history:import:e22a9d25-ba91-4cba-acd3-e90990bdce37 Timeline:workspace:802728d0-e52d-4a27-8776-810fac72995f"]
[9099][1620790165381][requester][warn]["APIDevInterface~getAPIForModel: There is no API linked to the model"]
[9099][1620790165496][requester][info]["RealtimeSyncMessageService~publishRealtimeOutgoingMessage: Message received historyresponse:import:8bb01cad-11d3-4ca7-8d54-69c1a98cb820 Timeline in message: workspace:802728d0-e52d-4a27-8776-810fac72995f"]
[9099][1620790165496][requester][info]["BaseSyncTimeline~getPendingClientChanges: Starting to get pending changes for workspace:802728d0-e52d-4a27-8776-810fac72995f"]
[9099][1620790165519][requester][info]["BaseSyncTimeline~getPendingClientChanges: Finished to get pending changes for workspace:802728d0-e52d-4a27-8776-810fac72995f"]
[9099][1620790165519][requester][info]["BaseSyncTimeline~processClientChangesObservable: Started sending changeset for historyresponse:import:8bb01cad-11d3-4ca7-8d54-69c1a98cb820 Timeline:workspace:802728d0-e52d-4a27-8776-810fac72995f"]
[9099][1620790165706][requester][info]["BaseSyncTimeline~processClientChangesObservable: Success for sending changeset for historyresponse:import:8bb01cad-11d3-4ca7-8d54-69c1a98cb820 Timeline:workspace:802728d0-e52d-4a27-8776-810fac72995f"]
